d:\github\c++_game\pratice\pratice\x64\debug\vc143.pdb
d:\github\c++_game\pratice\pratice\x64\debug\vc143.idb
d:\github\c++_game\pratice\pratice\x64\debug\position.obj
d:\github\c++_game\pratice\pratice\x64\debug\playerstatusinfo.obj
d:\github\c++_game\pratice\pratice\x64\debug\player.obj
d:\github\c++_game\pratice\pratice\x64\debug\monster.obj
d:\github\c++_game\pratice\pratice\x64\debug\main.obj
d:\github\c++_game\pratice\pratice\x64\debug\level.obj
d:\github\c++_game\pratice\pratice\x64\debug\item.obj
d:\github\c++_game\pratice\pratice\x64\debug\gameoverwindow.obj
d:\github\c++_game\pratice\pratice\x64\debug\gamecontrol.obj
d:\github\c++_game\pratice\pratice\x64\debug\game.obj
d:\github\c++_game\pratice\pratice\x64\debug\floor.obj
d:\github\c++_game\pratice\pratice\x64\debug\downstair.obj
d:\github\c++_game\pratice\pratice\x64\debug\creature.obj
d:\github\c++_game\pratice\pratice\x64\debug\common.obj
d:\github\c++_game\pratice\pratice\x64\debug\button.obj
d:\github\c++_game\pratice\pratice\x64\debug\board.obj
d:\github\c++_game\pratice\pratice\x64\debug\block.obj
d:\github\c++_game\pratice\pratice\x64\debug\astar.obj
d:\github\c++_game\pratice\pratice\x64\debug\animator.obj
d:\github\c++_game\pratice\pratice\x64\debug\animation.obj
d:\github\c++_game\pratice\pratice\x64\debug\upstair.obj
d:\github\c++_game\pratice\pratice\x64\debug\texturecache.obj
d:\github\c++_game\pratice\pratice\x64\debug\snake.obj
d:\github\c++_game\pratice\pratice\x64\debug\rat.obj
d:\github\c++_game\pratice\pratice\x64\debug\randomnum.obj
d:\github\c++_game\pratice\pratice\x64\debug\widget.obj
d:\github\c++_game\pratice\pratice\x64\debug\theme.obj
d:\github\c++_game\pratice\pratice\x64\debug\textbox.obj
d:\github\c++_game\pratice\pratice\x64\debug\spritebutton.obj
d:\github\c++_game\pratice\pratice\x64\debug\slider.obj
d:\github\c++_game\pratice\pratice\x64\debug\progressbar.obj
d:\github\c++_game\pratice\pratice\x64\debug\menu.obj
d:\github\c++_game\pratice\pratice\x64\debug\label.obj
d:\github\c++_game\pratice\pratice\x64\debug\image.obj
d:\github\c++_game\pratice\pratice\x64\debug\checkbox.obj
d:\github\c++_game\pratice\x64\debug\pratice.pdb
d:\github\c++_game\pratice\pratice\x64\debug\pratice.tlog\cl.command.1.tlog
d:\github\c++_game\pratice\pratice\x64\debug\pratice.tlog\cl.read.1.tlog
d:\github\c++_game\pratice\pratice\x64\debug\pratice.tlog\cl.write.1.tlog
d:\github\c++_game\pratice\pratice\x64\debug\pratice.tlog\link-cvtres.read.1.tlog
d:\github\c++_game\pratice\pratice\x64\debug\pratice.tlog\link-cvtres.write.1.tlog
d:\github\c++_game\pratice\pratice\x64\debug\pratice.tlog\link-rc.read.1.tlog
d:\github\c++_game\pratice\pratice\x64\debug\pratice.tlog\link-rc.write.1.tlog
d:\github\c++_game\pratice\pratice\x64\debug\pratice.tlog\link.command.1.tlog
d:\github\c++_game\pratice\pratice\x64\debug\pratice.tlog\link.read.1.tlog
d:\github\c++_game\pratice\pratice\x64\debug\pratice.tlog\link.read.2.tlog
d:\github\c++_game\pratice\pratice\x64\debug\pratice.tlog\link.write.1.tlog
